<?xml version="1.0" encoding="UTF-8"?>
<!-- Generated by org.testng.reporters.JUnitReportReporter -->
<testsuite hostname="LAPTOP-4TMIQVN9" failures="0" tests="2" name="com.ActiTime.scripts.TC1_ActitimeLoginLogout" time="20.545" errors="0" timestamp="2023-10-17T12:54:29 IST" skipped="0">
  <testcase classname="com.ActiTime.scripts.TC1_ActitimeLoginLogout" name="logout" time="10.740"/>
  <system-out/>
  <testcase classname="com.ActiTime.scripts.TC1_ActitimeLoginLogout" name="login" time="9.805"/>
  <system-out/>
</testsuite> <!-- com.ActiTime.scripts.TC1_ActitimeLoginLogout -->
